<?xml version="1.0" ?>
<testsuite errors="1" failures="0" name="test_getbooks.GetBooksTest-20201030175029" tests="1" time="0.000">
	<testcase classname="test_getbooks.GetBooksTest" name="test_get" time="0.000">
		<error message="name 'book' is not defined" type="NameError">
<![CDATA[Traceback (most recent call last):
  File "D:\Programming\Web Frameworks\Tornado\Microservices-1\Source\test_getbooks.py", line 11, in test_get
    result = book.get_books_by_author("Author1")
NameError: name 'book' is not defined
]]>		</error>
	</testcase>
	<system-out>
<![CDATA[Book: {'Title': 'Book1', 'Author': 'Author1'}
Book: {'Title': 'Book1', 'Author': 'Author1'}
Book: {'Title': 'Book2', 'Author': 'Author2'}
books: [{"Title": "Book2", "Author": "Author2"}]
books: []
]]>	</system-out>
	<system-err>
<![CDATA[]]>	</system-err>
</testsuite>
